<?xml version="1.0" encoding="UTF-8"?>
<!-- Generated by org.testng.reporters.JUnitXMLReporter -->
<testsuite hostname="DESKTOP-RCDTJC1" ignored="0" name="Default test" tests="4" failures="0" timestamp="21 Feb 2020 16:44:55 GMT" time="0.055" errors="0">
  <testcase name="orange" time="0.01" classname="mavenpackage.KilariProject.TestDependency"/>
  <testcase name="blue" time="0.002" classname="mavenpackage.KilariProject.TestDependency"/>
  <testcase name="white" time="0.001" classname="mavenpackage.KilariProject.TestDependency"/>
  <testcase name="green" time="0.002" classname="mavenpackage.KilariProject.TestDependency"/>
</testsuite> <!-- Default test -->
