<?xml version="1.0" encoding="UTF-8"?>
<testng-results skipped="0" failed="0" ignored="0" total="1" passed="1">
  <reporter-output>
    <line>
      <![CDATA[clicked on Image link]]>
    </line>
  </reporter-output>
  <suite name="Suite" duration-ms="19780" started-at="2020-03-10T00:04:15Z" finished-at="2020-03-10T00:04:35Z">
    <groups>
    </groups>
    <test name="Test" duration-ms="19780" started-at="2020-03-10T00:04:15Z" finished-at="2020-03-10T00:04:35Z">
      <class name="mavenpackage.KilariProject.LinkText">
        <test-method status="PASS" signature="init()[pri:0, instance:mavenpackage.KilariProject.LinkText@3444d69d]" name="init" is-config="true" duration-ms="559" started-at="2020-03-10T00:04:15Z" finished-at="2020-03-10T00:04:16Z">
          <reporter-output>
          </reporter-output>
        </test-method> <!-- init -->
        <test-method status="PASS" signature="beforeMethod()[pri:0, instance:mavenpackage.KilariProject.LinkText@3444d69d]" name="beforeMethod" is-config="true" duration-ms="16078" started-at="2020-03-10T00:04:16Z" finished-at="2020-03-10T00:04:32Z">
          <reporter-output>
          </reporter-output>
        </test-method> <!-- beforeMethod -->
        <test-method status="PASS" signature="linkText()[pri:0, instance:mavenpackage.KilariProject.LinkText@3444d69d]" name="linkText" duration-ms="1320" started-at="2020-03-10T00:04:32Z" finished-at="2020-03-10T00:04:33Z">
          <reporter-output>
            <line>
              <![CDATA[clicked on Image link]]>
            </line>
          </reporter-output>
        </test-method> <!-- linkText -->
        <test-method status="PASS" signature="aftermethod()[pri:0, instance:mavenpackage.KilariProject.LinkText@3444d69d]" name="aftermethod" is-config="true" duration-ms="914" started-at="2020-03-10T00:04:33Z" finished-at="2020-03-10T00:04:34Z">
          <reporter-output>
          </reporter-output>
        </test-method> <!-- aftermethod -->
        <test-method status="PASS" signature="afterTest()[pri:0, instance:mavenpackage.KilariProject.LinkText@3444d69d]" name="afterTest" is-config="true" duration-ms="866" started-at="2020-03-10T00:04:34Z" finished-at="2020-03-10T00:04:35Z">
          <reporter-output>
          </reporter-output>
        </test-method> <!-- afterTest -->
      </class> <!-- mavenpackage.KilariProject.LinkText -->
    </test> <!-- Test -->
  </suite> <!-- Suite -->
</testng-results>
